<?xml version="1.0" encoding="UTF-8"?>
<!-- Generated by org.testng.reporters.JUnitReportReporter -->
<testsuite hostname="Aashish-PC" name="TestPage.addCustTest" tests="1" failures="0" timestamp="29 Sep 2019 09:03:35 GMT" time="2.203" errors="0">
  <testcase name="sendingmail" time="2.203" classname="TestPage.addCustTest"/>
</testsuite> <!-- TestPage.addCustTest -->
